#-----------------------------------------------------------
# Vivado v2020.1 (64-bit)
# SW Build 2902540 on Wed May 27 19:54:49 MDT 2020
# IP Build 2902112 on Wed May 27 22:43:36 MDT 2020
# Start of session at: Wed Mar 22 13:18:18 2023
# Process ID: 9568
# Current directory: C:/Users/electronica/Downloads/SDI1-main/SDI1-main/Laboratorio 4/JOUSAMRONl4
# Command line: vivado.exe -gui_launcher_event rodinguilauncherevent10640 C:\Users\electronica\Downloads\SDI1-main\SDI1-main\Laboratorio 4\JOUSAMRONl4\JOUSAMRON.xpr
# Log file: C:/Users/electronica/Downloads/SDI1-main/SDI1-main/Laboratorio 4/JOUSAMRONl4/vivado.log
# Journal file: C:/Users/electronica/Downloads/SDI1-main/SDI1-main/Laboratorio 4/JOUSAMRONl4\vivado.jou
#-----------------------------------------------------------
start_gui
open_project {C:/Users/electronica/Downloads/SDI1-main/SDI1-main/Laboratorio 4/JOUSAMRONl4/JOUSAMRON.xpr}
INFO: [Project 1-313] Project file moved from 'C:/Users/electronica/JOUSAMRON' since last save.
CRITICAL WARNING: [Project 1-311] Could not find the file 'C:/Users/electronica/Downloads/SDI1-main/SDI1-main/Laboratorio 4/JOUSAMRONl4/JOUSAMRON.srcs/sources_1/new/Compuerta1JOUSAMRON.vhd', nor could it be found using path 'C:/Users/electronica/JOUSAMRON/JOUSAMRON.srcs/sources_1/new/Compuerta1JOUSAMRON.vhd'.
CRITICAL WARNING: [Project 1-311] Could not find the file 'C:/Users/electronica/Downloads/SDI1-main/SDI1-main/Laboratorio 4/Downloads/JOUSAMRON Frases/Laboratorio4/Messages.vhd', nor could it be found using path 'C:/Users/electronica/Downloads/JOUSAMRON Frases/Laboratorio4/Messages.vhd'.
CRITICAL WARNING: [Project 1-311] Could not find the file 'C:/Users/electronica/Downloads/SDI1-main/SDI1-main/Laboratorio 4/Downloads/JOUSAMRON Frases/Laboratorio4/message3-nubia.vhd', nor could it be found using path 'C:/Users/electronica/Downloads/JOUSAMRON Frases/Laboratorio4/message3-nubia.vhd'.
CRITICAL WARNING: [Project 1-311] Could not find the file 'C:/Users/electronica/Downloads/SDI1-main/SDI1-main/Laboratorio 4/Downloads/JOUSAMRON Frases/Laboratorio4/message4-grande.vhd', nor could it be found using path 'C:/Users/electronica/Downloads/JOUSAMRON Frases/Laboratorio4/message4-grande.vhd'.
CRITICAL WARNING: [Project 1-311] Could not find the file 'C:/Users/electronica/Downloads/SDI1-main/SDI1-main/Laboratorio 4/Downloads/JOUSAMRON Frases/Laboratorio4/Multiplexer.vhd', nor could it be found using path 'C:/Users/electronica/Downloads/JOUSAMRON Frases/Laboratorio4/Multiplexer.vhd'.
CRITICAL WARNING: [Project 1-311] Could not find the file 'C:/Users/electronica/Downloads/SDI1-main/SDI1-main/Laboratorio 4/Downloads/JOUSAMRON Frases/Laboratorio4/message1-names.vhd', nor could it be found using path 'C:/Users/electronica/Downloads/JOUSAMRON Frases/Laboratorio4/message1-names.vhd'.
CRITICAL WARNING: [Project 1-311] Could not find the file 'C:/Users/electronica/Downloads/SDI1-main/SDI1-main/Laboratorio 4/Downloads/JOUSAMRON Frases/Laboratorio4/message2-materia.vhd', nor could it be found using path 'C:/Users/electronica/Downloads/JOUSAMRON Frases/Laboratorio4/message2-materia.vhd'.
Scanning sources...
Finished scanning sources
INFO: [IP_Flow 19-234] Refreshing IP repositories
INFO: [IP_Flow 19-1704] No user IP repositories specified
INFO: [IP_Flow 19-2313] Loaded Vivado IP repository 'C:/Xilinx/Vivado/2020.1/data/ip'.
open_project: Time (s): cpu = 00:00:12 ; elapsed = 00:00:06 . Memory (MB): peak = 1208.602 ; gain = 140.445
update_compile_order -fileset sources_1
exit
INFO: [Common 17-206] Exiting Vivado at Wed Mar 22 13:20:04 2023...
