
*** Running vivado
    with args -log messages_storage.vds -m64 -product Vivado -mode batch -messageDb vivado.pb -notrace -source messages_storage.tcl



****** Vivado v2020.1 (64-bit)
  **** SW Build 2902540 on Wed May 27 19:54:49 MDT 2020
  **** IP Build 2902112 on Wed May 27 22:43:36 MDT 2020
    ** Copyright 1986-2020 Xilinx, Inc. All Rights Reserved.

source messages_storage.tcl -notrace
Command: synth_design -top messages_storage -part xc7a35tcpg236-1
Starting synth_design
Attempting to get a license for feature 'Synthesis' and/or device 'xc7a35t'
INFO: [Common 17-349] Got license for feature 'Synthesis' and/or device 'xc7a35t'
INFO: [Device 21-403] Loading part xc7a35tcpg236-1
INFO: [Synth 8-7079] Multithreading enabled for synth_design using a maximum of 2 processes.
INFO: [Synth 8-7078] Launching helper process for spawning children vivado processes
INFO: [Synth 8-7075] Helper process launched with PID 3500
---------------------------------------------------------------------------------
Starting RTL Elaboration : Time (s): cpu = 00:00:05 ; elapsed = 00:00:05 . Memory (MB): peak = 1018.063 ; gain = 0.000
---------------------------------------------------------------------------------
INFO: [Synth 8-638] synthesizing module 'messages_storage' [C:/Users/electronica.ECINUT/Desktop/SDI1-L4-main/JOUSAMRONl4/JOUSAMRON.srcs/sources_1/main.vhd:24]
INFO: [Synth 8-638] synthesizing module 'SEVEN_SEG_MSG1' [C:/Users/electronica.ECINUT/Desktop/SDI1-L4-main/JOUSAMRONl4/JOUSAMRON.srcs/sources_1/SEVEN_SEG_MSG1.vhd:14]
WARNING: [Synth 8-6044] Case expression and choice expression width mismatch, Case expression is 5 wide and choice expression is 8 wide [C:/Users/electronica.ECINUT/Desktop/SDI1-L4-main/JOUSAMRONl4/JOUSAMRON.srcs/sources_1/SEVEN_SEG_MSG1.vhd:28]
WARNING: [Synth 8-6044] Case expression and choice expression width mismatch, Case expression is 5 wide and choice expression is 8 wide [C:/Users/electronica.ECINUT/Desktop/SDI1-L4-main/JOUSAMRONl4/JOUSAMRON.srcs/sources_1/SEVEN_SEG_MSG1.vhd:29]
WARNING: [Synth 8-6044] Case expression and choice expression width mismatch, Case expression is 5 wide and choice expression is 8 wide [C:/Users/electronica.ECINUT/Desktop/SDI1-L4-main/JOUSAMRONl4/JOUSAMRON.srcs/sources_1/SEVEN_SEG_MSG1.vhd:30]
WARNING: [Synth 8-6044] Case expression and choice expression width mismatch, Case expression is 5 wide and choice expression is 8 wide [C:/Users/electronica.ECINUT/Desktop/SDI1-L4-main/JOUSAMRONl4/JOUSAMRON.srcs/sources_1/SEVEN_SEG_MSG1.vhd:31]
WARNING: [Synth 8-6044] Case expression and choice expression width mismatch, Case expression is 5 wide and choice expression is 8 wide [C:/Users/electronica.ECINUT/Desktop/SDI1-L4-main/JOUSAMRONl4/JOUSAMRON.srcs/sources_1/SEVEN_SEG_MSG1.vhd:32]
WARNING: [Synth 8-6044] Case expression and choice expression width mismatch, Case expression is 5 wide and choice expression is 8 wide [C:/Users/electronica.ECINUT/Desktop/SDI1-L4-main/JOUSAMRONl4/JOUSAMRON.srcs/sources_1/SEVEN_SEG_MSG1.vhd:33]
WARNING: [Synth 8-6044] Case expression and choice expression width mismatch, Case expression is 5 wide and choice expression is 8 wide [C:/Users/electronica.ECINUT/Desktop/SDI1-L4-main/JOUSAMRONl4/JOUSAMRON.srcs/sources_1/SEVEN_SEG_MSG1.vhd:34]
WARNING: [Synth 8-6044] Case expression and choice expression width mismatch, Case expression is 5 wide and choice expression is 8 wide [C:/Users/electronica.ECINUT/Desktop/SDI1-L4-main/JOUSAMRONl4/JOUSAMRON.srcs/sources_1/SEVEN_SEG_MSG1.vhd:35]
WARNING: [Synth 8-6044] Case expression and choice expression width mismatch, Case expression is 5 wide and choice expression is 8 wide [C:/Users/electronica.ECINUT/Desktop/SDI1-L4-main/JOUSAMRONl4/JOUSAMRON.srcs/sources_1/SEVEN_SEG_MSG1.vhd:36]
WARNING: [Synth 8-6044] Case expression and choice expression width mismatch, Case expression is 5 wide and choice expression is 8 wide [C:/Users/electronica.ECINUT/Desktop/SDI1-L4-main/JOUSAMRONl4/JOUSAMRON.srcs/sources_1/SEVEN_SEG_MSG1.vhd:37]
WARNING: [Synth 8-6044] Case expression and choice expression width mismatch, Case expression is 5 wide and choice expression is 8 wide [C:/Users/electronica.ECINUT/Desktop/SDI1-L4-main/JOUSAMRONl4/JOUSAMRON.srcs/sources_1/SEVEN_SEG_MSG1.vhd:38]
WARNING: [Synth 8-6044] Case expression and choice expression width mismatch, Case expression is 5 wide and choice expression is 8 wide [C:/Users/electronica.ECINUT/Desktop/SDI1-L4-main/JOUSAMRONl4/JOUSAMRON.srcs/sources_1/SEVEN_SEG_MSG1.vhd:39]
WARNING: [Synth 8-6044] Case expression and choice expression width mismatch, Case expression is 5 wide and choice expression is 8 wide [C:/Users/electronica.ECINUT/Desktop/SDI1-L4-main/JOUSAMRONl4/JOUSAMRON.srcs/sources_1/SEVEN_SEG_MSG1.vhd:40]
WARNING: [Synth 8-6044] Case expression and choice expression width mismatch, Case expression is 5 wide and choice expression is 8 wide [C:/Users/electronica.ECINUT/Desktop/SDI1-L4-main/JOUSAMRONl4/JOUSAMRON.srcs/sources_1/SEVEN_SEG_MSG1.vhd:41]
WARNING: [Synth 8-6044] Case expression and choice expression width mismatch, Case expression is 5 wide and choice expression is 8 wide [C:/Users/electronica.ECINUT/Desktop/SDI1-L4-main/JOUSAMRONl4/JOUSAMRON.srcs/sources_1/SEVEN_SEG_MSG1.vhd:42]
WARNING: [Synth 8-6044] Case expression and choice expression width mismatch, Case expression is 5 wide and choice expression is 8 wide [C:/Users/electronica.ECINUT/Desktop/SDI1-L4-main/JOUSAMRONl4/JOUSAMRON.srcs/sources_1/SEVEN_SEG_MSG1.vhd:43]
WARNING: [Synth 8-6044] Case expression and choice expression width mismatch, Case expression is 5 wide and choice expression is 8 wide [C:/Users/electronica.ECINUT/Desktop/SDI1-L4-main/JOUSAMRONl4/JOUSAMRON.srcs/sources_1/SEVEN_SEG_MSG1.vhd:44]
WARNING: [Synth 8-6044] Case expression and choice expression width mismatch, Case expression is 5 wide and choice expression is 8 wide [C:/Users/electronica.ECINUT/Desktop/SDI1-L4-main/JOUSAMRONl4/JOUSAMRON.srcs/sources_1/SEVEN_SEG_MSG1.vhd:45]
WARNING: [Synth 8-6044] Case expression and choice expression width mismatch, Case expression is 5 wide and choice expression is 8 wide [C:/Users/electronica.ECINUT/Desktop/SDI1-L4-main/JOUSAMRONl4/JOUSAMRON.srcs/sources_1/SEVEN_SEG_MSG1.vhd:46]
WARNING: [Synth 8-6044] Case expression and choice expression width mismatch, Case expression is 5 wide and choice expression is 8 wide [C:/Users/electronica.ECINUT/Desktop/SDI1-L4-main/JOUSAMRONl4/JOUSAMRON.srcs/sources_1/SEVEN_SEG_MSG1.vhd:47]
WARNING: [Synth 8-6044] Case expression and choice expression width mismatch, Case expression is 5 wide and choice expression is 8 wide [C:/Users/electronica.ECINUT/Desktop/SDI1-L4-main/JOUSAMRONl4/JOUSAMRON.srcs/sources_1/SEVEN_SEG_MSG1.vhd:48]
WARNING: [Synth 8-6044] Case expression and choice expression width mismatch, Case expression is 5 wide and choice expression is 8 wide [C:/Users/electronica.ECINUT/Desktop/SDI1-L4-main/JOUSAMRONl4/JOUSAMRON.srcs/sources_1/SEVEN_SEG_MSG1.vhd:49]
WARNING: [Synth 8-6044] Case expression and choice expression width mismatch, Case expression is 5 wide and choice expression is 8 wide [C:/Users/electronica.ECINUT/Desktop/SDI1-L4-main/JOUSAMRONl4/JOUSAMRON.srcs/sources_1/SEVEN_SEG_MSG1.vhd:50]
WARNING: [Synth 8-6044] Case expression and choice expression width mismatch, Case expression is 5 wide and choice expression is 8 wide [C:/Users/electronica.ECINUT/Desktop/SDI1-L4-main/JOUSAMRONl4/JOUSAMRON.srcs/sources_1/SEVEN_SEG_MSG1.vhd:51]
WARNING: [Synth 8-6044] Case expression and choice expression width mismatch, Case expression is 5 wide and choice expression is 8 wide [C:/Users/electronica.ECINUT/Desktop/SDI1-L4-main/JOUSAMRONl4/JOUSAMRON.srcs/sources_1/SEVEN_SEG_MSG1.vhd:52]
WARNING: [Synth 8-6044] Case expression and choice expression width mismatch, Case expression is 5 wide and choice expression is 8 wide [C:/Users/electronica.ECINUT/Desktop/SDI1-L4-main/JOUSAMRONl4/JOUSAMRON.srcs/sources_1/SEVEN_SEG_MSG1.vhd:53]
WARNING: [Synth 8-6044] Case expression and choice expression width mismatch, Case expression is 5 wide and choice expression is 8 wide [C:/Users/electronica.ECINUT/Desktop/SDI1-L4-main/JOUSAMRONl4/JOUSAMRON.srcs/sources_1/SEVEN_SEG_MSG1.vhd:54]
WARNING: [Synth 8-6044] Case expression and choice expression width mismatch, Case expression is 5 wide and choice expression is 8 wide [C:/Users/electronica.ECINUT/Desktop/SDI1-L4-main/JOUSAMRONl4/JOUSAMRON.srcs/sources_1/SEVEN_SEG_MSG1.vhd:55]
WARNING: [Synth 8-6044] Case expression and choice expression width mismatch, Case expression is 5 wide and choice expression is 8 wide [C:/Users/electronica.ECINUT/Desktop/SDI1-L4-main/JOUSAMRONl4/JOUSAMRON.srcs/sources_1/SEVEN_SEG_MSG1.vhd:56]
WARNING: [Synth 8-6044] Case expression and choice expression width mismatch, Case expression is 5 wide and choice expression is 8 wide [C:/Users/electronica.ECINUT/Desktop/SDI1-L4-main/JOUSAMRONl4/JOUSAMRON.srcs/sources_1/SEVEN_SEG_MSG1.vhd:57]
INFO: [Synth 8-256] done synthesizing module 'SEVEN_SEG_MSG1' (1#1) [C:/Users/electronica.ECINUT/Desktop/SDI1-L4-main/JOUSAMRONl4/JOUSAMRON.srcs/sources_1/SEVEN_SEG_MSG1.vhd:14]
INFO: [Synth 8-638] synthesizing module 'SEVEN_SEG_MSG2' [C:/Users/electronica.ECINUT/Desktop/SDI1-L4-main/JOUSAMRONl4/JOUSAMRON.srcs/sources_1/SEVEN_SEG_MSG2.vhd:14]
WARNING: [Synth 8-6044] Case expression and choice expression width mismatch, Case expression is 5 wide and choice expression is 8 wide [C:/Users/electronica.ECINUT/Desktop/SDI1-L4-main/JOUSAMRONl4/JOUSAMRON.srcs/sources_1/SEVEN_SEG_MSG2.vhd:24]
WARNING: [Synth 8-6044] Case expression and choice expression width mismatch, Case expression is 5 wide and choice expression is 8 wide [C:/Users/electronica.ECINUT/Desktop/SDI1-L4-main/JOUSAMRONl4/JOUSAMRON.srcs/sources_1/SEVEN_SEG_MSG2.vhd:25]
WARNING: [Synth 8-6044] Case expression and choice expression width mismatch, Case expression is 5 wide and choice expression is 8 wide [C:/Users/electronica.ECINUT/Desktop/SDI1-L4-main/JOUSAMRONl4/JOUSAMRON.srcs/sources_1/SEVEN_SEG_MSG2.vhd:26]
WARNING: [Synth 8-6044] Case expression and choice expression width mismatch, Case expression is 5 wide and choice expression is 8 wide [C:/Users/electronica.ECINUT/Desktop/SDI1-L4-main/JOUSAMRONl4/JOUSAMRON.srcs/sources_1/SEVEN_SEG_MSG2.vhd:27]
WARNING: [Synth 8-6044] Case expression and choice expression width mismatch, Case expression is 5 wide and choice expression is 8 wide [C:/Users/electronica.ECINUT/Desktop/SDI1-L4-main/JOUSAMRONl4/JOUSAMRON.srcs/sources_1/SEVEN_SEG_MSG2.vhd:28]
WARNING: [Synth 8-6044] Case expression and choice expression width mismatch, Case expression is 5 wide and choice expression is 8 wide [C:/Users/electronica.ECINUT/Desktop/SDI1-L4-main/JOUSAMRONl4/JOUSAMRON.srcs/sources_1/SEVEN_SEG_MSG2.vhd:29]
WARNING: [Synth 8-6044] Case expression and choice expression width mismatch, Case expression is 5 wide and choice expression is 8 wide [C:/Users/electronica.ECINUT/Desktop/SDI1-L4-main/JOUSAMRONl4/JOUSAMRON.srcs/sources_1/SEVEN_SEG_MSG2.vhd:30]
WARNING: [Synth 8-6044] Case expression and choice expression width mismatch, Case expression is 5 wide and choice expression is 8 wide [C:/Users/electronica.ECINUT/Desktop/SDI1-L4-main/JOUSAMRONl4/JOUSAMRON.srcs/sources_1/SEVEN_SEG_MSG2.vhd:31]
WARNING: [Synth 8-6044] Case expression and choice expression width mismatch, Case expression is 5 wide and choice expression is 8 wide [C:/Users/electronica.ECINUT/Desktop/SDI1-L4-main/JOUSAMRONl4/JOUSAMRON.srcs/sources_1/SEVEN_SEG_MSG2.vhd:32]
WARNING: [Synth 8-6044] Case expression and choice expression width mismatch, Case expression is 5 wide and choice expression is 8 wide [C:/Users/electronica.ECINUT/Desktop/SDI1-L4-main/JOUSAMRONl4/JOUSAMRON.srcs/sources_1/SEVEN_SEG_MSG2.vhd:33]
WARNING: [Synth 8-6044] Case expression and choice expression width mismatch, Case expression is 5 wide and choice expression is 8 wide [C:/Users/electronica.ECINUT/Desktop/SDI1-L4-main/JOUSAMRONl4/JOUSAMRON.srcs/sources_1/SEVEN_SEG_MSG2.vhd:34]
WARNING: [Synth 8-6044] Case expression and choice expression width mismatch, Case expression is 5 wide and choice expression is 8 wide [C:/Users/electronica.ECINUT/Desktop/SDI1-L4-main/JOUSAMRONl4/JOUSAMRON.srcs/sources_1/SEVEN_SEG_MSG2.vhd:35]
WARNING: [Synth 8-6044] Case expression and choice expression width mismatch, Case expression is 5 wide and choice expression is 8 wide [C:/Users/electronica.ECINUT/Desktop/SDI1-L4-main/JOUSAMRONl4/JOUSAMRON.srcs/sources_1/SEVEN_SEG_MSG2.vhd:36]
WARNING: [Synth 8-6044] Case expression and choice expression width mismatch, Case expression is 5 wide and choice expression is 8 wide [C:/Users/electronica.ECINUT/Desktop/SDI1-L4-main/JOUSAMRONl4/JOUSAMRON.srcs/sources_1/SEVEN_SEG_MSG2.vhd:37]
WARNING: [Synth 8-6044] Case expression and choice expression width mismatch, Case expression is 5 wide and choice expression is 8 wide [C:/Users/electronica.ECINUT/Desktop/SDI1-L4-main/JOUSAMRONl4/JOUSAMRON.srcs/sources_1/SEVEN_SEG_MSG2.vhd:38]
WARNING: [Synth 8-6044] Case expression and choice expression width mismatch, Case expression is 5 wide and choice expression is 8 wide [C:/Users/electronica.ECINUT/Desktop/SDI1-L4-main/JOUSAMRONl4/JOUSAMRON.srcs/sources_1/SEVEN_SEG_MSG2.vhd:39]
WARNING: [Synth 8-6044] Case expression and choice expression width mismatch, Case expression is 5 wide and choice expression is 8 wide [C:/Users/electronica.ECINUT/Desktop/SDI1-L4-main/JOUSAMRONl4/JOUSAMRON.srcs/sources_1/SEVEN_SEG_MSG2.vhd:40]
WARNING: [Synth 8-6044] Case expression and choice expression width mismatch, Case expression is 5 wide and choice expression is 8 wide [C:/Users/electronica.ECINUT/Desktop/SDI1-L4-main/JOUSAMRONl4/JOUSAMRON.srcs/sources_1/SEVEN_SEG_MSG2.vhd:41]
WARNING: [Synth 8-6044] Case expression and choice expression width mismatch, Case expression is 5 wide and choice expression is 8 wide [C:/Users/electronica.ECINUT/Desktop/SDI1-L4-main/JOUSAMRONl4/JOUSAMRON.srcs/sources_1/SEVEN_SEG_MSG2.vhd:42]
WARNING: [Synth 8-6044] Case expression and choice expression width mismatch, Case expression is 5 wide and choice expression is 8 wide [C:/Users/electronica.ECINUT/Desktop/SDI1-L4-main/JOUSAMRONl4/JOUSAMRON.srcs/sources_1/SEVEN_SEG_MSG2.vhd:43]
WARNING: [Synth 8-6044] Case expression and choice expression width mismatch, Case expression is 5 wide and choice expression is 8 wide [C:/Users/electronica.ECINUT/Desktop/SDI1-L4-main/JOUSAMRONl4/JOUSAMRON.srcs/sources_1/SEVEN_SEG_MSG2.vhd:44]
WARNING: [Synth 8-6044] Case expression and choice expression width mismatch, Case expression is 5 wide and choice expression is 8 wide [C:/Users/electronica.ECINUT/Desktop/SDI1-L4-main/JOUSAMRONl4/JOUSAMRON.srcs/sources_1/SEVEN_SEG_MSG2.vhd:45]
WARNING: [Synth 8-6044] Case expression and choice expression width mismatch, Case expression is 5 wide and choice expression is 8 wide [C:/Users/electronica.ECINUT/Desktop/SDI1-L4-main/JOUSAMRONl4/JOUSAMRON.srcs/sources_1/SEVEN_SEG_MSG2.vhd:46]
WARNING: [Synth 8-6044] Case expression and choice expression width mismatch, Case expression is 5 wide and choice expression is 8 wide [C:/Users/electronica.ECINUT/Desktop/SDI1-L4-main/JOUSAMRONl4/JOUSAMRON.srcs/sources_1/SEVEN_SEG_MSG2.vhd:47]
WARNING: [Synth 8-6044] Case expression and choice expression width mismatch, Case expression is 5 wide and choice expression is 8 wide [C:/Users/electronica.ECINUT/Desktop/SDI1-L4-main/JOUSAMRONl4/JOUSAMRON.srcs/sources_1/SEVEN_SEG_MSG2.vhd:48]
WARNING: [Synth 8-6044] Case expression and choice expression width mismatch, Case expression is 5 wide and choice expression is 8 wide [C:/Users/electronica.ECINUT/Desktop/SDI1-L4-main/JOUSAMRONl4/JOUSAMRON.srcs/sources_1/SEVEN_SEG_MSG2.vhd:49]
WARNING: [Synth 8-6044] Case expression and choice expression width mismatch, Case expression is 5 wide and choice expression is 8 wide [C:/Users/electronica.ECINUT/Desktop/SDI1-L4-main/JOUSAMRONl4/JOUSAMRON.srcs/sources_1/SEVEN_SEG_MSG2.vhd:50]
INFO: [Synth 8-256] done synthesizing module 'SEVEN_SEG_MSG2' (2#1) [C:/Users/electronica.ECINUT/Desktop/SDI1-L4-main/JOUSAMRONl4/JOUSAMRON.srcs/sources_1/SEVEN_SEG_MSG2.vhd:14]
INFO: [Synth 8-638] synthesizing module 'SEVEN_SEG_MSG3' [C:/Users/electronica.ECINUT/Desktop/SDI1-L4-main/JOUSAMRONl4/JOUSAMRON.srcs/sources_1/SEVEN_SEG_MSG3.vhd:14]
WARNING: [Synth 8-6044] Case expression and choice expression width mismatch, Case expression is 5 wide and choice expression is 8 wide [C:/Users/electronica.ECINUT/Desktop/SDI1-L4-main/JOUSAMRONl4/JOUSAMRON.srcs/sources_1/SEVEN_SEG_MSG3.vhd:23]
WARNING: [Synth 8-6044] Case expression and choice expression width mismatch, Case expression is 5 wide and choice expression is 8 wide [C:/Users/electronica.ECINUT/Desktop/SDI1-L4-main/JOUSAMRONl4/JOUSAMRON.srcs/sources_1/SEVEN_SEG_MSG3.vhd:24]
WARNING: [Synth 8-6044] Case expression and choice expression width mismatch, Case expression is 5 wide and choice expression is 8 wide [C:/Users/electronica.ECINUT/Desktop/SDI1-L4-main/JOUSAMRONl4/JOUSAMRON.srcs/sources_1/SEVEN_SEG_MSG3.vhd:25]
WARNING: [Synth 8-6044] Case expression and choice expression width mismatch, Case expression is 5 wide and choice expression is 8 wide [C:/Users/electronica.ECINUT/Desktop/SDI1-L4-main/JOUSAMRONl4/JOUSAMRON.srcs/sources_1/SEVEN_SEG_MSG3.vhd:26]
WARNING: [Synth 8-6044] Case expression and choice expression width mismatch, Case expression is 5 wide and choice expression is 8 wide [C:/Users/electronica.ECINUT/Desktop/SDI1-L4-main/JOUSAMRONl4/JOUSAMRON.srcs/sources_1/SEVEN_SEG_MSG3.vhd:27]
WARNING: [Synth 8-6044] Case expression and choice expression width mismatch, Case expression is 5 wide and choice expression is 8 wide [C:/Users/electronica.ECINUT/Desktop/SDI1-L4-main/JOUSAMRONl4/JOUSAMRON.srcs/sources_1/SEVEN_SEG_MSG3.vhd:28]
WARNING: [Synth 8-6044] Case expression and choice expression width mismatch, Case expression is 5 wide and choice expression is 8 wide [C:/Users/electronica.ECINUT/Desktop/SDI1-L4-main/JOUSAMRONl4/JOUSAMRON.srcs/sources_1/SEVEN_SEG_MSG3.vhd:29]
WARNING: [Synth 8-6044] Case expression and choice expression width mismatch, Case expression is 5 wide and choice expression is 8 wide [C:/Users/electronica.ECINUT/Desktop/SDI1-L4-main/JOUSAMRONl4/JOUSAMRON.srcs/sources_1/SEVEN_SEG_MSG3.vhd:30]
WARNING: [Synth 8-6044] Case expression and choice expression width mismatch, Case expression is 5 wide and choice expression is 8 wide [C:/Users/electronica.ECINUT/Desktop/SDI1-L4-main/JOUSAMRONl4/JOUSAMRON.srcs/sources_1/SEVEN_SEG_MSG3.vhd:31]
WARNING: [Synth 8-6044] Case expression and choice expression width mismatch, Case expression is 5 wide and choice expression is 8 wide [C:/Users/electronica.ECINUT/Desktop/SDI1-L4-main/JOUSAMRONl4/JOUSAMRON.srcs/sources_1/SEVEN_SEG_MSG3.vhd:32]
WARNING: [Synth 8-6044] Case expression and choice expression width mismatch, Case expression is 5 wide and choice expression is 8 wide [C:/Users/electronica.ECINUT/Desktop/SDI1-L4-main/JOUSAMRONl4/JOUSAMRON.srcs/sources_1/SEVEN_SEG_MSG3.vhd:33]
WARNING: [Synth 8-6044] Case expression and choice expression width mismatch, Case expression is 5 wide and choice expression is 8 wide [C:/Users/electronica.ECINUT/Desktop/SDI1-L4-main/JOUSAMRONl4/JOUSAMRON.srcs/sources_1/SEVEN_SEG_MSG3.vhd:34]
WARNING: [Synth 8-6044] Case expression and choice expression width mismatch, Case expression is 5 wide and choice expression is 8 wide [C:/Users/electronica.ECINUT/Desktop/SDI1-L4-main/JOUSAMRONl4/JOUSAMRON.srcs/sources_1/SEVEN_SEG_MSG3.vhd:35]
WARNING: [Synth 8-6044] Case expression and choice expression width mismatch, Case expression is 5 wide and choice expression is 8 wide [C:/Users/electronica.ECINUT/Desktop/SDI1-L4-main/JOUSAMRONl4/JOUSAMRON.srcs/sources_1/SEVEN_SEG_MSG3.vhd:36]
WARNING: [Synth 8-6044] Case expression and choice expression width mismatch, Case expression is 5 wide and choice expression is 8 wide [C:/Users/electronica.ECINUT/Desktop/SDI1-L4-main/JOUSAMRONl4/JOUSAMRON.srcs/sources_1/SEVEN_SEG_MSG3.vhd:37]
WARNING: [Synth 8-6044] Case expression and choice expression width mismatch, Case expression is 5 wide and choice expression is 8 wide [C:/Users/electronica.ECINUT/Desktop/SDI1-L4-main/JOUSAMRONl4/JOUSAMRON.srcs/sources_1/SEVEN_SEG_MSG3.vhd:38]
WARNING: [Synth 8-6044] Case expression and choice expression width mismatch, Case expression is 5 wide and choice expression is 8 wide [C:/Users/electronica.ECINUT/Desktop/SDI1-L4-main/JOUSAMRONl4/JOUSAMRON.srcs/sources_1/SEVEN_SEG_MSG3.vhd:39]
WARNING: [Synth 8-6044] Case expression and choice expression width mismatch, Case expression is 5 wide and choice expression is 8 wide [C:/Users/electronica.ECINUT/Desktop/SDI1-L4-main/JOUSAMRONl4/JOUSAMRON.srcs/sources_1/SEVEN_SEG_MSG3.vhd:40]
WARNING: [Synth 8-6044] Case expression and choice expression width mismatch, Case expression is 5 wide and choice expression is 8 wide [C:/Users/electronica.ECINUT/Desktop/SDI1-L4-main/JOUSAMRONl4/JOUSAMRON.srcs/sources_1/SEVEN_SEG_MSG3.vhd:41]
WARNING: [Synth 8-6044] Case expression and choice expression width mismatch, Case expression is 5 wide and choice expression is 8 wide [C:/Users/electronica.ECINUT/Desktop/SDI1-L4-main/JOUSAMRONl4/JOUSAMRON.srcs/sources_1/SEVEN_SEG_MSG3.vhd:42]
WARNING: [Synth 8-6044] Case expression and choice expression width mismatch, Case expression is 5 wide and choice expression is 8 wide [C:/Users/electronica.ECINUT/Desktop/SDI1-L4-main/JOUSAMRONl4/JOUSAMRON.srcs/sources_1/SEVEN_SEG_MSG3.vhd:43]
WARNING: [Synth 8-6044] Case expression and choice expression width mismatch, Case expression is 5 wide and choice expression is 8 wide [C:/Users/electronica.ECINUT/Desktop/SDI1-L4-main/JOUSAMRONl4/JOUSAMRON.srcs/sources_1/SEVEN_SEG_MSG3.vhd:44]
WARNING: [Synth 8-6044] Case expression and choice expression width mismatch, Case expression is 5 wide and choice expression is 8 wide [C:/Users/electronica.ECINUT/Desktop/SDI1-L4-main/JOUSAMRONl4/JOUSAMRON.srcs/sources_1/SEVEN_SEG_MSG3.vhd:45]
WARNING: [Synth 8-6044] Case expression and choice expression width mismatch, Case expression is 5 wide and choice expression is 8 wide [C:/Users/electronica.ECINUT/Desktop/SDI1-L4-main/JOUSAMRONl4/JOUSAMRON.srcs/sources_1/SEVEN_SEG_MSG3.vhd:46]
WARNING: [Synth 8-6044] Case expression and choice expression width mismatch, Case expression is 5 wide and choice expression is 8 wide [C:/Users/electronica.ECINUT/Desktop/SDI1-L4-main/JOUSAMRONl4/JOUSAMRON.srcs/sources_1/SEVEN_SEG_MSG3.vhd:47]
WARNING: [Synth 8-6044] Case expression and choice expression width mismatch, Case expression is 5 wide and choice expression is 8 wide [C:/Users/electronica.ECINUT/Desktop/SDI1-L4-main/JOUSAMRONl4/JOUSAMRON.srcs/sources_1/SEVEN_SEG_MSG3.vhd:48]
WARNING: [Synth 8-6044] Case expression and choice expression width mismatch, Case expression is 5 wide and choice expression is 8 wide [C:/Users/electronica.ECINUT/Desktop/SDI1-L4-main/JOUSAMRONl4/JOUSAMRON.srcs/sources_1/SEVEN_SEG_MSG3.vhd:49]
WARNING: [Synth 8-6044] Case expression and choice expression width mismatch, Case expression is 5 wide and choice expression is 8 wide [C:/Users/electronica.ECINUT/Desktop/SDI1-L4-main/JOUSAMRONl4/JOUSAMRON.srcs/sources_1/SEVEN_SEG_MSG3.vhd:50]
INFO: [Synth 8-256] done synthesizing module 'SEVEN_SEG_MSG3' (3#1) [C:/Users/electronica.ECINUT/Desktop/SDI1-L4-main/JOUSAMRONl4/JOUSAMRON.srcs/sources_1/SEVEN_SEG_MSG3.vhd:14]
INFO: [Synth 8-638] synthesizing module 'SEVEN_SEG_MSG4' [C:/Users/electronica.ECINUT/Desktop/SDI1-L4-main/JOUSAMRONl4/JOUSAMRON.srcs/sources_1/SEVEN_SEG_MSG4.vhd:14]
WARNING: [Synth 8-6044] Case expression and choice expression width mismatch, Case expression is 5 wide and choice expression is 8 wide [C:/Users/electronica.ECINUT/Desktop/SDI1-L4-main/JOUSAMRONl4/JOUSAMRON.srcs/sources_1/SEVEN_SEG_MSG4.vhd:23]
WARNING: [Synth 8-6044] Case expression and choice expression width mismatch, Case expression is 5 wide and choice expression is 8 wide [C:/Users/electronica.ECINUT/Desktop/SDI1-L4-main/JOUSAMRONl4/JOUSAMRON.srcs/sources_1/SEVEN_SEG_MSG4.vhd:24]
WARNING: [Synth 8-6044] Case expression and choice expression width mismatch, Case expression is 5 wide and choice expression is 8 wide [C:/Users/electronica.ECINUT/Desktop/SDI1-L4-main/JOUSAMRONl4/JOUSAMRON.srcs/sources_1/SEVEN_SEG_MSG4.vhd:25]
WARNING: [Synth 8-6044] Case expression and choice expression width mismatch, Case expression is 5 wide and choice expression is 8 wide [C:/Users/electronica.ECINUT/Desktop/SDI1-L4-main/JOUSAMRONl4/JOUSAMRON.srcs/sources_1/SEVEN_SEG_MSG4.vhd:26]
WARNING: [Synth 8-6044] Case expression and choice expression width mismatch, Case expression is 5 wide and choice expression is 8 wide [C:/Users/electronica.ECINUT/Desktop/SDI1-L4-main/JOUSAMRONl4/JOUSAMRON.srcs/sources_1/SEVEN_SEG_MSG4.vhd:27]
WARNING: [Synth 8-6044] Case expression and choice expression width mismatch, Case expression is 5 wide and choice expression is 8 wide [C:/Users/electronica.ECINUT/Desktop/SDI1-L4-main/JOUSAMRONl4/JOUSAMRON.srcs/sources_1/SEVEN_SEG_MSG4.vhd:28]
WARNING: [Synth 8-6044] Case expression and choice expression width mismatch, Case expression is 5 wide and choice expression is 8 wide [C:/Users/electronica.ECINUT/Desktop/SDI1-L4-main/JOUSAMRONl4/JOUSAMRON.srcs/sources_1/SEVEN_SEG_MSG4.vhd:29]
WARNING: [Synth 8-6044] Case expression and choice expression width mismatch, Case expression is 5 wide and choice expression is 8 wide [C:/Users/electronica.ECINUT/Desktop/SDI1-L4-main/JOUSAMRONl4/JOUSAMRON.srcs/sources_1/SEVEN_SEG_MSG4.vhd:30]
WARNING: [Synth 8-6044] Case expression and choice expression width mismatch, Case expression is 5 wide and choice expression is 8 wide [C:/Users/electronica.ECINUT/Desktop/SDI1-L4-main/JOUSAMRONl4/JOUSAMRON.srcs/sources_1/SEVEN_SEG_MSG4.vhd:31]
WARNING: [Synth 8-6044] Case expression and choice expression width mismatch, Case expression is 5 wide and choice expression is 8 wide [C:/Users/electronica.ECINUT/Desktop/SDI1-L4-main/JOUSAMRONl4/JOUSAMRON.srcs/sources_1/SEVEN_SEG_MSG4.vhd:32]
WARNING: [Synth 8-6044] Case expression and choice expression width mismatch, Case expression is 5 wide and choice expression is 8 wide [C:/Users/electronica.ECINUT/Desktop/SDI1-L4-main/JOUSAMRONl4/JOUSAMRON.srcs/sources_1/SEVEN_SEG_MSG4.vhd:33]
WARNING: [Synth 8-6044] Case expression and choice expression width mismatch, Case expression is 5 wide and choice expression is 8 wide [C:/Users/electronica.ECINUT/Desktop/SDI1-L4-main/JOUSAMRONl4/JOUSAMRON.srcs/sources_1/SEVEN_SEG_MSG4.vhd:34]
WARNING: [Synth 8-6044] Case expression and choice expression width mismatch, Case expression is 5 wide and choice expression is 8 wide [C:/Users/electronica.ECINUT/Desktop/SDI1-L4-main/JOUSAMRONl4/JOUSAMRON.srcs/sources_1/SEVEN_SEG_MSG4.vhd:35]
WARNING: [Synth 8-6044] Case expression and choice expression width mismatch, Case expression is 5 wide and choice expression is 8 wide [C:/Users/electronica.ECINUT/Desktop/SDI1-L4-main/JOUSAMRONl4/JOUSAMRON.srcs/sources_1/SEVEN_SEG_MSG4.vhd:36]
WARNING: [Synth 8-6044] Case expression and choice expression width mismatch, Case expression is 5 wide and choice expression is 8 wide [C:/Users/electronica.ECINUT/Desktop/SDI1-L4-main/JOUSAMRONl4/JOUSAMRON.srcs/sources_1/SEVEN_SEG_MSG4.vhd:37]
INFO: [Common 17-14] Message 'Synth 8-6044' appears 100 times and further instances of the messages will be disabled. Use the Tcl command set_msg_config to change the current settings.
INFO: [Synth 8-256] done synthesizing module 'SEVEN_SEG_MSG4' (4#1) [C:/Users/electronica.ECINUT/Desktop/SDI1-L4-main/JOUSAMRONl4/JOUSAMRON.srcs/sources_1/SEVEN_SEG_MSG4.vhd:14]
INFO: [Synth 8-638] synthesizing module 'mux4a1' [C:/Users/electronica.ECINUT/Desktop/SDI1-L4-main/JOUSAMRONl4/JOUSAMRON.srcs/sources_1/mux4a1.vhd:16]
INFO: [Synth 8-256] done synthesizing module 'mux4a1' (5#1) [C:/Users/electronica.ECINUT/Desktop/SDI1-L4-main/JOUSAMRONl4/JOUSAMRON.srcs/sources_1/mux4a1.vhd:16]
INFO: [Synth 8-638] synthesizing module 'deco2a4A' [C:/Users/electronica.ECINUT/Desktop/SDI1-L4-main/JOUSAMRONl4/JOUSAMRON.srcs/sources_1/deco2a4A.vhd:12]
INFO: [Synth 8-256] done synthesizing module 'deco2a4A' (6#1) [C:/Users/electronica.ECINUT/Desktop/SDI1-L4-main/JOUSAMRONl4/JOUSAMRON.srcs/sources_1/deco2a4A.vhd:12]
INFO: [Synth 8-256] done synthesizing module 'messages_storage' (7#1) [C:/Users/electronica.ECINUT/Desktop/SDI1-L4-main/JOUSAMRONl4/JOUSAMRON.srcs/sources_1/main.vhd:24]
---------------------------------------------------------------------------------
Finished RTL Elaboration : Time (s): cpu = 00:00:06 ; elapsed = 00:00:06 . Memory (MB): peak = 1018.063 ; gain = 0.000
---------------------------------------------------------------------------------
---------------------------------------------------------------------------------
Start Handling Custom Attributes
---------------------------------------------------------------------------------
---------------------------------------------------------------------------------
Finished Handling Custom Attributes : Time (s): cpu = 00:00:06 ; elapsed = 00:00:07 . Memory (MB): peak = 1018.063 ; gain = 0.000
---------------------------------------------------------------------------------
---------------------------------------------------------------------------------
Finished RTL Optimization Phase 1 : Time (s): cpu = 00:00:06 ; elapsed = 00:00:07 . Memory (MB): peak = 1018.063 ; gain = 0.000
---------------------------------------------------------------------------------
Netlist sorting complete. Time (s): cpu = 00:00:00 ; elapsed = 00:00:00.001 . Memory (MB): peak = 1018.063 ; gain = 0.000
INFO: [Project 1-570] Preparing netlist for logic optimization

Processing XDC Constraints
Initializing timing engine
Parsing XDC File [C:/Users/electronica.ECINUT/Desktop/SDI1-L4-main/JOUSAMRONl4/JOUSAMRON.srcs/constrs_1/new/JOUSAMRON.xdc]
Finished Parsing XDC File [C:/Users/electronica.ECINUT/Desktop/SDI1-L4-main/JOUSAMRONl4/JOUSAMRON.srcs/constrs_1/new/JOUSAMRON.xdc]
INFO: [Project 1-236] Implementation specific constraints were found while reading constraint file [C:/Users/electronica.ECINUT/Desktop/SDI1-L4-main/JOUSAMRONl4/JOUSAMRON.srcs/constrs_1/new/JOUSAMRON.xdc]. These constraints will be ignored for synthesis but will be used in implementation. Impacted constraints are listed in the file [.Xil/messages_storage_propImpl.xdc].
Resolution: To avoid this warning, move constraints listed in [.Xil/messages_storage_propImpl.xdc] to another XDC file and exclude this new file from synthesis with the used_in_synthesis property (File Properties dialog in GUI) and re-run elaboration/synthesis.
Completed Processing XDC Constraints

Netlist sorting complete. Time (s): cpu = 00:00:00 ; elapsed = 00:00:00 . Memory (MB): peak = 1018.063 ; gain = 0.000
INFO: [Project 1-111] Unisim Transformation Summary:
No Unisim elements were transformed.

Constraint Validation Runtime : Time (s): cpu = 00:00:00 ; elapsed = 00:00:00.040 . Memory (MB): peak = 1018.063 ; gain = 0.000
---------------------------------------------------------------------------------
Finished Constraint Validation : Time (s): cpu = 00:00:14 ; elapsed = 00:00:16 . Memory (MB): peak = 1018.063 ; gain = 0.000
---------------------------------------------------------------------------------
---------------------------------------------------------------------------------
Start Loading Part and Timing Information
---------------------------------------------------------------------------------
Loading part: xc7a35tcpg236-1
---------------------------------------------------------------------------------
Finished Loading Part and Timing Information : Time (s): cpu = 00:00:14 ; elapsed = 00:00:16 . Memory (MB): peak = 1018.063 ; gain = 0.000
---------------------------------------------------------------------------------
---------------------------------------------------------------------------------
Start Applying 'set_property' XDC Constraints
---------------------------------------------------------------------------------
---------------------------------------------------------------------------------
Finished applying 'set_property' XDC Constraints : Time (s): cpu = 00:00:14 ; elapsed = 00:00:16 . Memory (MB): peak = 1018.063 ; gain = 0.000
---------------------------------------------------------------------------------
---------------------------------------------------------------------------------
Finished RTL Optimization Phase 2 : Time (s): cpu = 00:00:15 ; elapsed = 00:00:16 . Memory (MB): peak = 1018.063 ; gain = 0.000
---------------------------------------------------------------------------------
---------------------------------------------------------------------------------
Start RTL Component Statistics 
---------------------------------------------------------------------------------
Detailed RTL Component Info : 
+---Muxes : 
	   4 Input    8 Bit        Muxes := 1     
---------------------------------------------------------------------------------
Finished RTL Component Statistics 
---------------------------------------------------------------------------------
---------------------------------------------------------------------------------
Start Part Resource Summary
---------------------------------------------------------------------------------
Part Resources:
DSPs: 90 (col length:60)
BRAMs: 100 (col length: RAMB18 60 RAMB36 30)
---------------------------------------------------------------------------------
Finished Part Resource Summary
---------------------------------------------------------------------------------
---------------------------------------------------------------------------------
Start Cross Boundary and Area Optimization
---------------------------------------------------------------------------------
---------------------------------------------------------------------------------
Finished Cross Boundary and Area Optimization : Time (s): cpu = 00:00:16 ; elapsed = 00:00:18 . Memory (MB): peak = 1018.063 ; gain = 0.000
---------------------------------------------------------------------------------
---------------------------------------------------------------------------------
Start ROM, RAM, DSP and Shift Register Reporting
---------------------------------------------------------------------------------

ROM: Preliminary Mapping	Report
+-----------------+-------------+---------------+----------------+
|Module Name      | RTL Object  | Depth x Width | Implemented As | 
+-----------------+-------------+---------------+----------------+
|SEVEN_SEG_MSG1   | letter      | 32x8          | LUT            | 
|SEVEN_SEG_MSG2   | letter      | 32x8          | LUT            | 
|SEVEN_SEG_MSG3   | letter      | 32x8          | LUT            | 
|SEVEN_SEG_MSG4   | letter      | 32x8          | LUT            | 
|messages_storage | msg4/letter | 32x8          | LUT            | 
|messages_storage | msg3/letter | 32x8          | LUT            | 
|messages_storage | msg2/letter | 32x8          | LUT            | 
|messages_storage | msg1/letter | 32x8          | LUT            | 
+-----------------+-------------+---------------+----------------+

---------------------------------------------------------------------------------
Finished ROM, RAM, DSP and Shift Register Reporting
---------------------------------------------------------------------------------
---------------------------------------------------------------------------------
Start Applying XDC Timing Constraints
---------------------------------------------------------------------------------
---------------------------------------------------------------------------------
Finished Applying XDC Timing Constraints : Time (s): cpu = 00:00:24 ; elapsed = 00:00:26 . Memory (MB): peak = 1018.063 ; gain = 0.000
---------------------------------------------------------------------------------
---------------------------------------------------------------------------------
Start Timing Optimization
---------------------------------------------------------------------------------
---------------------------------------------------------------------------------
Finished Timing Optimization : Time (s): cpu = 00:00:24 ; elapsed = 00:00:26 . Memory (MB): peak = 1018.063 ; gain = 0.000
---------------------------------------------------------------------------------
---------------------------------------------------------------------------------
Start Technology Mapping
---------------------------------------------------------------------------------
---------------------------------------------------------------------------------
Finished Technology Mapping : Time (s): cpu = 00:00:24 ; elapsed = 00:00:26 . Memory (MB): peak = 1018.137 ; gain = 0.074
---------------------------------------------------------------------------------
---------------------------------------------------------------------------------
Start IO Insertion
---------------------------------------------------------------------------------
---------------------------------------------------------------------------------
Start Flattening Before IO Insertion
---------------------------------------------------------------------------------
---------------------------------------------------------------------------------
Finished Flattening Before IO Insertion
---------------------------------------------------------------------------------
---------------------------------------------------------------------------------
Start Final Netlist Cleanup
---------------------------------------------------------------------------------
---------------------------------------------------------------------------------
Finished Final Netlist Cleanup
---------------------------------------------------------------------------------
---------------------------------------------------------------------------------
Finished IO Insertion : Time (s): cpu = 00:00:28 ; elapsed = 00:00:30 . Memory (MB): peak = 1023.926 ; gain = 5.863
---------------------------------------------------------------------------------
---------------------------------------------------------------------------------
Start Renaming Generated Instances
---------------------------------------------------------------------------------
---------------------------------------------------------------------------------
Finished Renaming Generated Instances : Time (s): cpu = 00:00:28 ; elapsed = 00:00:30 . Memory (MB): peak = 1023.926 ; gain = 5.863
---------------------------------------------------------------------------------
---------------------------------------------------------------------------------
Start Rebuilding User Hierarchy
---------------------------------------------------------------------------------
---------------------------------------------------------------------------------
Finished Rebuilding User Hierarchy : Time (s): cpu = 00:00:28 ; elapsed = 00:00:30 . Memory (MB): peak = 1023.926 ; gain = 5.863
---------------------------------------------------------------------------------
---------------------------------------------------------------------------------
Start Renaming Generated Ports
---------------------------------------------------------------------------------
---------------------------------------------------------------------------------
Finished Renaming Generated Ports : Time (s): cpu = 00:00:28 ; elapsed = 00:00:30 . Memory (MB): peak = 1023.926 ; gain = 5.863
---------------------------------------------------------------------------------
---------------------------------------------------------------------------------
Start Handling Custom Attributes
---------------------------------------------------------------------------------
---------------------------------------------------------------------------------
Finished Handling Custom Attributes : Time (s): cpu = 00:00:28 ; elapsed = 00:00:30 . Memory (MB): peak = 1023.926 ; gain = 5.863
---------------------------------------------------------------------------------
---------------------------------------------------------------------------------
Start Renaming Generated Nets
---------------------------------------------------------------------------------
---------------------------------------------------------------------------------
Finished Renaming Generated Nets : Time (s): cpu = 00:00:28 ; elapsed = 00:00:30 . Memory (MB): peak = 1023.926 ; gain = 5.863
---------------------------------------------------------------------------------
---------------------------------------------------------------------------------
Start Writing Synthesis Report
---------------------------------------------------------------------------------

Report BlackBoxes: 
+-+--------------+----------+
| |BlackBox name |Instances |
+-+--------------+----------+
+-+--------------+----------+

Report Cell Usage: 
+------+-----+------+
|      |Cell |Count |
+------+-----+------+
|1     |LUT2 |     4|
|2     |LUT5 |    28|
|3     |LUT6 |     7|
|4     |IBUF |     7|
|5     |OBUF |    12|
+------+-----+------+
---------------------------------------------------------------------------------
Finished Writing Synthesis Report : Time (s): cpu = 00:00:28 ; elapsed = 00:00:30 . Memory (MB): peak = 1023.926 ; gain = 5.863
---------------------------------------------------------------------------------
Synthesis finished with 0 errors, 0 critical warnings and 0 warnings.
Synthesis Optimization Runtime : Time (s): cpu = 00:00:20 ; elapsed = 00:00:28 . Memory (MB): peak = 1023.926 ; gain = 5.863
Synthesis Optimization Complete : Time (s): cpu = 00:00:28 ; elapsed = 00:00:30 . Memory (MB): peak = 1023.926 ; gain = 5.863
INFO: [Project 1-571] Translating synthesized netlist
Netlist sorting complete. Time (s): cpu = 00:00:00 ; elapsed = 00:00:00.001 . Memory (MB): peak = 1034.996 ; gain = 0.000
INFO: [Project 1-570] Preparing netlist for logic optimization
INFO: [Opt 31-138] Pushed 0 inverter(s) to 0 load pin(s).
Netlist sorting complete. Time (s): cpu = 00:00:00 ; elapsed = 00:00:00 . Memory (MB): peak = 1039.168 ; gain = 0.000
INFO: [Project 1-111] Unisim Transformation Summary:
No Unisim elements were transformed.

INFO: [Common 17-83] Releasing license: Synthesis
28 Infos, 100 Warnings, 0 Critical Warnings and 0 Errors encountered.
synth_design completed successfully
synth_design: Time (s): cpu = 00:00:33 ; elapsed = 00:00:37 . Memory (MB): peak = 1039.168 ; gain = 21.105
INFO: [Common 17-1381] The checkpoint 'C:/Users/electronica.ECINUT/Desktop/SDI1-L4-main/JOUSAMRONl4/JOUSAMRON.runs/synth_1/messages_storage.dcp' has been generated.
INFO: [runtcl-4] Executing : report_utilization -file messages_storage_utilization_synth.rpt -pb messages_storage_utilization_synth.pb
INFO: [Common 17-206] Exiting Vivado at Thu Mar 23 12:24:50 2023...
